<?xml version="1.0" encoding="UTF-8"?>
<testng-results skipped="0" failed="0" ignored="0" total="1" passed="1">
  <reporter-output>
    <line>
      <![CDATA[Clicked onAccount Button]]>
    </line>
    <line>
      <![CDATA[Entered text " anuj.lpu1@gmail.com "In the Userame Textbox]]>
    </line>
    <line>
      <![CDATA[Entered text " Test@123 "In the Password Textbox]]>
    </line>
    <line>
      <![CDATA[Clicked onLoginBtn]]>
    </line>
  </reporter-output>
  <suite name="Default suite" duration-ms="21478" started-at="2020-06-25T22:07:05 IST" finished-at="2020-06-25T22:07:26 IST">
    <groups>
    </groups>
    <test name="Default test" duration-ms="21478" started-at="2020-06-25T22:07:05 IST" finished-at="2020-06-25T22:07:26 IST">
      <class name="com.Tyss.factframework.scripts.LoginTest">
        <test-method status="PASS" signature="setUp()[pri:0, instance:com.Tyss.factframework.scripts.LoginTest@4973813a]" name="setUp" is-config="true" duration-ms="8097" started-at="2020-06-25T22:07:05 IST" finished-at="2020-06-25T22:07:13 IST">
          <reporter-output>
          </reporter-output>
        </test-method> <!-- setUp -->
        <test-method status="PASS" signature="tc_02()[pri:0, instance:com.Tyss.factframework.scripts.LoginTest@4973813a]" name="tc_02" duration-ms="12970" started-at="2020-06-25T22:07:13 IST" finished-at="2020-06-25T22:07:26 IST">
          <reporter-output>
            <line>
              <![CDATA[Clicked onAccount Button]]>
            </line>
            <line>
              <![CDATA[Entered text " anuj.lpu1@gmail.com "In the Userame Textbox]]>
            </line>
            <line>
              <![CDATA[Entered text " Test@123 "In the Password Textbox]]>
            </line>
            <line>
              <![CDATA[Clicked onLoginBtn]]>
            </line>
          </reporter-output>
        </test-method> <!-- tc_02 -->
        <test-method status="PASS" signature="tearDown()[pri:0, instance:com.Tyss.factframework.scripts.LoginTest@4973813a]" name="tearDown" is-config="true" duration-ms="349" started-at="2020-06-25T22:07:26 IST" finished-at="2020-06-25T22:07:26 IST">
          <reporter-output>
          </reporter-output>
        </test-method> <!-- tearDown -->
      </class> <!-- com.Tyss.factframework.scripts.LoginTest -->
    </test> <!-- Default test -->
  </suite> <!-- Default suite -->
</testng-results>
